# JRE version: Java(TM) SE Runtime Environment (8.0_261-b12) (build 1.8.0_261-b12)
# Java VM: Java HotSpot(TM) 64-Bit Server VM (25.261-b12 mixed mode windows-amd64 compressed oops)
Heap:
 PSYoungGen      total 404992K, used 207009K [0x00000000d5580000, 0x00000000f4f80000, 0x0000000100000000)
  eden space 304128K, 49% used [0x00000000d5580000,0x00000000de95e4a0,0x00000000e7e80000)
  from space 100864K, 55% used [0x00000000eed00000,0x00000000f234a0d0,0x00000000f4f80000)
  to   space 107008K, 0% used [0x00000000e7e80000,0x00000000e7e80000,0x00000000ee700000)
 ParOldGen       total 309248K, used 160796K [0x0000000080000000, 0x0000000092e00000, 0x00000000d5580000)
  object space 309248K, 51% used [0x0000000080000000,0x0000000089d071e8,0x0000000092e00000)
 Metaspace       used 128457K, capacity 139146K, committed 139264K, reserved 1169408K
  class space    used 16598K, capacity 18371K, committed 18432K, reserved 1048576K
GC Heap History (10 events):
Event: 10292.946 GC heap before
{Heap before GC invocations=36 (full 4):
 PSYoungGen      total 307200K, used 307141K [0x00000000d5580000, 0x00000000ee300000, 0x0000000100000000)
  eden space 248320K, 100% used [0x00000000d5580000,0x00000000e4800000,0x00000000e4800000)
  from space 58880K, 99% used [0x00000000e4e80000,0x00000000e87f1418,0x00000000e8800000)
  to   space 79360K, 0% used [0x00000000e9580000,0x00000000e9580000,0x00000000ee300000)
 ParOldGen       total 309248K, used 105675K [0x0000000080000000, 0x0000000092e00000, 0x00000000d5580000)
  object space 309248K, 34% used [0x0000000080000000,0x0000000086732d48,0x0000000092e00000)
 Metaspace       used 127345K, capacity 137814K, committed 137856K, reserved 1169408K
  class space    used 16514K, capacity 18281K, committed 18304K, reserved 1048576K
Event: 10292.998 GC heap after
Heap after GC invocations=36 (full 4):
 PSYoungGen      total 324096K, used 60389K [0x00000000d5580000, 0x00000000f0480000, 0x0000000100000000)
  eden space 244736K, 0% used [0x00000000d5580000,0x00000000d5580000,0x00000000e4480000)
  from space 79360K, 76% used [0x00000000e9580000,0x00000000ed0795a0,0x00000000ee300000)
  to   space 82944K, 0% used [0x00000000e4480000,0x00000000e4480000,0x00000000e9580000)
 ParOldGen       total 309248K, used 105691K [0x0000000080000000, 0x0000000092e00000, 0x00000000d5580000)
  object space 309248K, 34% used [0x0000000080000000,0x0000000086736d48,0x0000000092e00000)
 Metaspace       used 127345K, capacity 137814K, committed 137856K, reserved 1169408K
  class space    used 16514K, capacity 18281K, committed 18304K, reserved 1048576K
}
Event: 10294.633 GC heap before
{Heap before GC invocations=37 (full 4):
 PSYoungGen      total 324096K, used 305125K [0x00000000d5580000, 0x00000000f0480000, 0x0000000100000000)
  eden space 244736K, 100% used [0x00000000d5580000,0x00000000e4480000,0x00000000e4480000)
  from space 79360K, 76% used [0x00000000e9580000,0x00000000ed0795a0,0x00000000ee300000)
  to   space 82944K, 0% used [0x00000000e4480000,0x00000000e4480000,0x00000000e9580000)
 ParOldGen       total 309248K, used 105691K [0x0000000080000000, 0x0000000092e00000, 0x00000000d5580000)
  object space 309248K, 34% used [0x0000000080000000,0x0000000086736d48,0x0000000092e00000)
 Metaspace       used 127484K, capacity 137990K, committed 138112K, reserved 1169408K
  class space    used 16515K, capacity 18283K, committed 18304K, reserved 1048576K
Event: 10294.683 GC heap after
Heap after GC invocations=37 (full 4):
 PSYoungGen      total 327680K, used 57491K [0x00000000d5580000, 0x00000000f0300000, 0x0000000100000000)
  eden space 244736K, 0% used [0x00000000d5580000,0x00000000d5580000,0x00000000e4480000)
  from space 82944K, 69% used [0x00000000e4480000,0x00000000e7ca4ee0,0x00000000e9580000)
  to   space 84992K, 0% used [0x00000000eb000000,0x00000000eb000000,0x00000000f0300000)
 ParOldGen       total 309248K, used 106451K [0x0000000080000000, 0x0000000092e00000, 0x00000000d5580000)
  object space 309248K, 34% used [0x0000000080000000,0x00000000867f4d78,0x0000000092e00000)
 Metaspace       used 127484K, capacity 137990K, committed 138112K, reserved 1169408K
  class space    used 16515K, capacity 18283K, committed 18304K, reserved 1048576K
}
Event: 10296.631 GC heap before
{Heap before GC invocations=38 (full 4):
 PSYoungGen      total 327680K, used 302227K [0x00000000d5580000, 0x00000000f0300000, 0x0000000100000000)
  eden space 244736K, 100% used [0x00000000d5580000,0x00000000e4480000,0x00000000e4480000)
  from space 82944K, 69% used [0x00000000e4480000,0x00000000e7ca4ee0,0x00000000e9580000)
  to   space 84992K, 0% used [0x00000000eb000000,0x00000000eb000000,0x00000000f0300000)
 ParOldGen       total 309248K, used 106451K [0x0000000080000000, 0x0000000092e00000, 0x00000000d5580000)
  object space 309248K, 34% used [0x0000000080000000,0x00000000867f4da8,0x0000000092e00000)
 Metaspace       used 127525K, capacity 138064K, committed 138112K, reserved 1169408K
  class space    used 16516K, capacity 18284K, committed 18304K, reserved 1048576K
Event: 10296.704 GC heap after
Heap after GC invocations=38 (full 4):
 PSYoungGen      total 352256K, used 61941K [0x00000000d5580000, 0x00000000f0b00000, 0x0000000100000000)
  eden space 267264K, 0% used [0x00000000d5580000,0x00000000d5580000,0x00000000e5a80000)
  from space 84992K, 72% used [0x00000000eb000000,0x00000000eec7d6d8,0x00000000f0300000)
  to   space 87552K, 0% used [0x00000000e5a80000,0x00000000e5a80000,0x00000000eb000000)
 ParOldGen       total 309248K, used 112394K [0x0000000080000000, 0x0000000092e00000, 0x00000000d5580000)
  object space 309248K, 36% used [0x0000000080000000,0x0000000086dc2a50,0x0000000092e00000)
 Metaspace       used 127525K, capacity 138064K, committed 138112K, reserved 1169408K
  class space    used 16516K, capacity 18284K, committed 18304K, reserved 1048576K
}
Event: 10298.989 GC heap before
{Heap before GC invocations=39 (full 4):
 PSYoungGen      total 352256K, used 329205K [0x00000000d5580000, 0x00000000f0b00000, 0x0000000100000000)
  eden space 267264K, 100% used [0x00000000d5580000,0x00000000e5a80000,0x00000000e5a80000)
  from space 84992K, 72% used [0x00000000eb000000,0x00000000eec7d6d8,0x00000000f0300000)
  to   space 87552K, 0% used [0x00000000e5a80000,0x00000000e5a80000,0x00000000eb000000)
 ParOldGen       total 309248K, used 112396K [0x0000000080000000, 0x0000000092e00000, 0x00000000d5580000)
  object space 309248K, 36% used [0x0000000080000000,0x0000000086dc32e8,0x0000000092e00000)
 Metaspace       used 127922K, capacity 138500K, committed 138752K, reserved 1169408K
  class space    used 16558K, capacity 18329K, committed 18432K, reserved 1048576K
Event: 10299.175 GC heap after
Heap after GC invocations=39 (full 4):
 PSYoungGen      total 354816K, used 87520K [0x00000000d5580000, 0x00000000f5a00000, 0x0000000100000000)
  eden space 267264K, 0% used [0x00000000d5580000,0x00000000d5580000,0x00000000e5a80000)
  from space 87552K, 99% used [0x00000000e5a80000,0x00000000eaff8368,0x00000000eb000000)
  to   space 111616K, 0% used [0x00000000eed00000,0x00000000eed00000,0x00000000f5a00000)
 ParOldGen       total 309248K, used 145555K [0x0000000080000000, 0x0000000092e00000, 0x00000000d5580000)
  object space 309248K, 47% used [0x0000000080000000,0x0000000088e24db0,0x0000000092e00000)
 Metaspace       used 127922K, capacity 138500K, committed 138752K, reserved 1169408K
  class space    used 16558K, capacity 18329K, committed 18432K, reserved 1048576K
}
Event: 10303.135 GC heap before
{Heap before GC invocations=40 (full 4):
 PSYoungGen      total 354816K, used 354783K [0x00000000d5580000, 0x00000000f5a00000, 0x0000000100000000)
  eden space 267264K, 99% used [0x00000000d5580000,0x00000000e5a7f8d0,0x00000000e5a80000)
  from space 87552K, 99% used [0x00000000e5a80000,0x00000000eaff8368,0x00000000eb000000)
  to   space 111616K, 0% used [0x00000000eed00000,0x00000000eed00000,0x00000000f5a00000)
 ParOldGen       total 309248K, used 145555K [0x0000000080000000, 0x0000000092e00000, 0x00000000d5580000)
  object space 309248K, 47% used [0x0000000080000000,0x0000000088e24db0,0x0000000092e00000)
 Metaspace       used 128392K, capacity 139082K, committed 139264K, reserved 1169408K
  class space    used 16597K, capacity 18371K, committed 18432K, reserved 1048576K
Event: 10303.227 GC heap after
Heap after GC invocations=40 (full 4):
 PSYoungGen      total 404992K, used 55592K [0x00000000d5580000, 0x00000000f4f80000, 0x0000000100000000)
  eden space 304128K, 0% used [0x00000000d5580000,0x00000000d5580000,0x00000000e7e80000)
  from space 100864K, 55% used [0x00000000eed00000,0x00000000f234a0d0,0x00000000f4f80000)
  to   space 107008K, 0% used [0x00000000e7e80000,0x00000000e7e80000,0x00000000ee700000)
 ParOldGen       total 309248K, used 160796K [0x0000000080000000, 0x0000000092e00000, 0x00000000d5580000)
  object space 309248K, 51% used [0x0000000080000000,0x0000000089d071e8,0x0000000092e00000)
 Metaspace       used 128392K, capacity 139082K, committed 139264K, reserved 1169408K
  class space    used 16597K, capacity 18371K, committed 18432K, reserved 1048576K
}

